[2020-07-20 01:29:28,334][__main__][INFO] - /home/ubuntu/gem5/build/ALPHA/gem5.opt
[2020-07-20 01:29:28,334][__main__][INFO] - True
[2020-07-20 01:29:28,334][__main__][INFO] - /home/ubuntu/gem5/build/ALPHA/gem5.opt
[2020-07-20 01:29:28,334][__main__][INFO] - --outdir
[2020-07-20 01:29:28,334][__main__][INFO] - ./
[2020-07-20 01:29:28,334][__main__][INFO] - --outdir=./
[2020-07-20 01:29:28,334][__main__][INFO] - /home/ubuntu/gem5/configs/example/se.py
[2020-07-20 01:29:28,335][__main__][INFO] - True
[2020-07-20 01:29:28,335][__main__][INFO] - /home/ubuntu/gem5/configs/example/se.py
[2020-07-20 01:29:28,335][__main__][INFO] - --num-cpus
[2020-07-20 01:29:28,335][__main__][INFO] - 16
[2020-07-20 01:29:28,335][__main__][INFO] - --num-cpus=16
[2020-07-20 01:29:28,335][__main__][INFO] - --cpu-type
[2020-07-20 01:29:28,335][__main__][INFO] - detailed
[2020-07-20 01:29:28,335][__main__][INFO] - --cpu-type=detailed
[2020-07-20 01:29:28,336][__main__][INFO] - --cpu-clock
[2020-07-20 01:29:28,336][__main__][INFO] - None
[2020-07-20 01:29:28,336][__main__][INFO] - --cpu-clock=861482266.3875464Hz
[2020-07-20 01:29:28,336][__main__][INFO] - --mem-type
[2020-07-20 01:29:28,336][__main__][INFO] - SimpleMemory
[2020-07-20 01:29:28,336][__main__][INFO] - --mem-type=SimpleMemory
[2020-07-20 01:29:28,336][__main__][INFO] - --caches
[2020-07-20 01:29:28,336][__main__][INFO] - True
[2020-07-20 01:29:28,337][__main__][INFO] - --caches
[2020-07-20 01:29:28,337][__main__][INFO] - --l2cache
[2020-07-20 01:29:28,337][__main__][INFO] - True
[2020-07-20 01:29:28,337][__main__][INFO] - --l2cache
[2020-07-20 01:29:28,337][__main__][INFO] - --l1d_size
[2020-07-20 01:29:28,337][__main__][INFO] - 4kB
[2020-07-20 01:29:28,337][__main__][INFO] - --l1d_size=4kB
[2020-07-20 01:29:28,337][__main__][INFO] - --l1d_assoc
[2020-07-20 01:29:28,338][__main__][INFO] - 2
[2020-07-20 01:29:28,338][__main__][INFO] - --l1d_assoc=2
[2020-07-20 01:29:28,338][__main__][INFO] - --l2_size
[2020-07-20 01:29:28,338][__main__][INFO] - 2048kB
[2020-07-20 01:29:28,338][__main__][INFO] - --l2_size=2048kB
[2020-07-20 01:29:28,338][__main__][INFO] - --l2_assoc
[2020-07-20 01:29:28,338][__main__][INFO] - 8
[2020-07-20 01:29:28,339][__main__][INFO] - --l2_assoc=8
[2020-07-20 01:29:28,339][__main__][INFO] - --l2_latency
[2020-07-20 01:29:28,339][__main__][INFO] - 3
[2020-07-20 01:29:28,339][__main__][INFO] - --l2_latency=3
[2020-07-20 01:29:28,339][__main__][INFO] - --cmd
[2020-07-20 01:29:28,339][__main__][INFO] - /home/ubuntu/gem5/splash2/fft/FFT
[2020-07-20 01:29:28,339][__main__][INFO] - --cmd=/home/ubuntu/gem5/splash2/fft/FFT
[2020-07-20 01:29:28,340][__main__][INFO] - --options
[2020-07-20 01:29:28,340][__main__][INFO] - -p16
[2020-07-20 01:29:28,340][__main__][INFO] - --options=-p16
[2020-07-20 01:29:28,340][__main__][INFO] - ['/home/ubuntu/gem5/build/ALPHA/gem5.opt', '--outdir=./', '/home/ubuntu/gem5/configs/example/se.py', '--num-cpus=16', '--cpu-type=detailed', '--cpu-clock=861482266.3875464Hz', '--mem-type=SimpleMemory', '--caches', '--l2cache', '--l1d_size=4kB', '--l1d_assoc=2', '--l2_size=2048kB', '--l2_assoc=8', '--l2_latency=3', '--cmd=/home/ubuntu/gem5/splash2/fft/FFT', '--options=-p16']
[2020-07-20 01:29:39,500][__main__][INFO] - CompletedProcess(args=['/home/ubuntu/gem5/build/ALPHA/gem5.opt', '--outdir=./', '/home/ubuntu/gem5/configs/example/se.py', '--num-cpus=16', '--cpu-type=detailed', '--cpu-clock=861482266.3875464Hz', '--mem-type=SimpleMemory', '--caches', '--l2cache', '--l1d_size=4kB', '--l1d_assoc=2', '--l2_size=2048kB', '--l2_assoc=8', '--l2_latency=3', '--cmd=/home/ubuntu/gem5/splash2/fft/FFT', '--options=-p16'], returncode=0)
[2020-07-20 01:29:39,501][__main__][INFO] - {'sim_seconds': '0.001277', 'sim_ticks': '1277346132'}
[2020-07-20 01:29:39,502][__main__][INFO] - Save CSV.
[2020-07-20 01:29:39,504][__main__][INFO] - Done all.
