[2020-07-20 02:38:48,789][__main__][INFO] - /home/ubuntu/gem5/build/ALPHA/gem5.opt
[2020-07-20 02:38:48,789][__main__][INFO] - True
[2020-07-20 02:38:48,790][__main__][INFO] - /home/ubuntu/gem5/build/ALPHA/gem5.opt
[2020-07-20 02:38:48,790][__main__][INFO] - --outdir
[2020-07-20 02:38:48,790][__main__][INFO] - ./
[2020-07-20 02:38:48,790][__main__][INFO] - --outdir=./
[2020-07-20 02:38:48,790][__main__][INFO] - /home/ubuntu/gem5/configs/example/se.py
[2020-07-20 02:38:48,790][__main__][INFO] - True
[2020-07-20 02:38:48,790][__main__][INFO] - /home/ubuntu/gem5/configs/example/se.py
[2020-07-20 02:38:48,790][__main__][INFO] - --num-cpus
[2020-07-20 02:38:48,790][__main__][INFO] - 16
[2020-07-20 02:38:48,790][__main__][INFO] - --num-cpus=16
[2020-07-20 02:38:48,790][__main__][INFO] - --cpu-type
[2020-07-20 02:38:48,790][__main__][INFO] - detailed
[2020-07-20 02:38:48,790][__main__][INFO] - --cpu-type=detailed
[2020-07-20 02:38:48,790][__main__][INFO] - --cpu-clock
[2020-07-20 02:38:48,790][__main__][INFO] - None
[2020-07-20 02:38:48,790][__main__][INFO] - --cpu-clock=861482266.3875464Hz
[2020-07-20 02:38:48,790][__main__][INFO] - --mem-type
[2020-07-20 02:38:48,790][__main__][INFO] - SimpleMemory
[2020-07-20 02:38:48,790][__main__][INFO] - --mem-type=SimpleMemory
[2020-07-20 02:38:48,790][__main__][INFO] - --caches
[2020-07-20 02:38:48,791][__main__][INFO] - True
[2020-07-20 02:38:48,791][__main__][INFO] - --caches
[2020-07-20 02:38:48,791][__main__][INFO] - --l2cache
[2020-07-20 02:38:48,791][__main__][INFO] - True
[2020-07-20 02:38:48,791][__main__][INFO] - --l2cache
[2020-07-20 02:38:48,791][__main__][INFO] - --l1d_size
[2020-07-20 02:38:48,791][__main__][INFO] - 4kB
[2020-07-20 02:38:48,791][__main__][INFO] - --l1d_size=4kB
[2020-07-20 02:38:48,791][__main__][INFO] - --l1d_assoc
[2020-07-20 02:38:48,791][__main__][INFO] - 2
[2020-07-20 02:38:48,791][__main__][INFO] - --l1d_assoc=2
[2020-07-20 02:38:48,791][__main__][INFO] - --l2_size
[2020-07-20 02:38:48,791][__main__][INFO] - 1024kB
[2020-07-20 02:38:48,791][__main__][INFO] - --l2_size=1024kB
[2020-07-20 02:38:48,791][__main__][INFO] - --l2_assoc
[2020-07-20 02:38:48,791][__main__][INFO] - 8
[2020-07-20 02:38:48,791][__main__][INFO] - --l2_assoc=8
[2020-07-20 02:38:48,791][__main__][INFO] - --l2_latency
[2020-07-20 02:38:48,791][__main__][INFO] - 2
[2020-07-20 02:38:48,791][__main__][INFO] - --l2_latency=2
[2020-07-20 02:38:48,791][__main__][INFO] - --cmd
[2020-07-20 02:38:48,792][__main__][INFO] - /home/ubuntu/gem5/splash2/ocean/contiguous_partitions/OCEAN
[2020-07-20 02:38:48,792][__main__][INFO] - --cmd=/home/ubuntu/gem5/splash2/ocean/contiguous_partitions/OCEAN
[2020-07-20 02:38:48,792][__main__][INFO] - --options
[2020-07-20 02:38:48,792][__main__][INFO] - -n130 -p16
[2020-07-20 02:38:48,792][__main__][INFO] - --options=-n130 -p16
[2020-07-20 02:38:48,792][__main__][INFO] - ['/home/ubuntu/gem5/build/ALPHA/gem5.opt', '--outdir=./', '/home/ubuntu/gem5/configs/example/se.py', '--num-cpus=16', '--cpu-type=detailed', '--cpu-clock=861482266.3875464Hz', '--mem-type=SimpleMemory', '--caches', '--l2cache', '--l1d_size=4kB', '--l1d_assoc=2', '--l2_size=1024kB', '--l2_assoc=8', '--l2_latency=2', '--cmd=/home/ubuntu/gem5/splash2/ocean/contiguous_partitions/OCEAN', '--options=-n130 -p16']
[2020-07-20 02:55:45,391][__main__][INFO] - CompletedProcess(args=['/home/ubuntu/gem5/build/ALPHA/gem5.opt', '--outdir=./', '/home/ubuntu/gem5/configs/example/se.py', '--num-cpus=16', '--cpu-type=detailed', '--cpu-clock=861482266.3875464Hz', '--mem-type=SimpleMemory', '--caches', '--l2cache', '--l1d_size=4kB', '--l1d_assoc=2', '--l2_size=1024kB', '--l2_assoc=8', '--l2_latency=2', '--cmd=/home/ubuntu/gem5/splash2/ocean/contiguous_partitions/OCEAN', '--options=-n130 -p16'], returncode=0)
[2020-07-20 02:55:45,393][__main__][INFO] - {'sim_seconds': '0.023894', 'sim_ticks': '23894175285'}
[2020-07-20 02:55:45,393][__main__][INFO] - Save CSV.
[2020-07-20 02:55:45,397][__main__][INFO] - Done all.
