[2020-07-20 01:32:33,448][__main__][INFO] - /home/ubuntu/gem5/build/ALPHA/gem5.opt
[2020-07-20 01:32:33,448][__main__][INFO] - True
[2020-07-20 01:32:33,448][__main__][INFO] - /home/ubuntu/gem5/build/ALPHA/gem5.opt
[2020-07-20 01:32:33,449][__main__][INFO] - --outdir
[2020-07-20 01:32:33,449][__main__][INFO] - ./
[2020-07-20 01:32:33,449][__main__][INFO] - --outdir=./
[2020-07-20 01:32:33,449][__main__][INFO] - /home/ubuntu/gem5/configs/example/se.py
[2020-07-20 01:32:33,449][__main__][INFO] - True
[2020-07-20 01:32:33,449][__main__][INFO] - /home/ubuntu/gem5/configs/example/se.py
[2020-07-20 01:32:33,449][__main__][INFO] - --num-cpus
[2020-07-20 01:32:33,449][__main__][INFO] - 16
[2020-07-20 01:32:33,449][__main__][INFO] - --num-cpus=16
[2020-07-20 01:32:33,449][__main__][INFO] - --cpu-type
[2020-07-20 01:32:33,449][__main__][INFO] - detailed
[2020-07-20 01:32:33,449][__main__][INFO] - --cpu-type=detailed
[2020-07-20 01:32:33,449][__main__][INFO] - --cpu-clock
[2020-07-20 01:32:33,450][__main__][INFO] - None
[2020-07-20 01:32:33,450][__main__][INFO] - --cpu-clock=862812769.6289905Hz
[2020-07-20 01:32:33,450][__main__][INFO] - --mem-type
[2020-07-20 01:32:33,450][__main__][INFO] - SimpleMemory
[2020-07-20 01:32:33,450][__main__][INFO] - --mem-type=SimpleMemory
[2020-07-20 01:32:33,450][__main__][INFO] - --caches
[2020-07-20 01:32:33,450][__main__][INFO] - True
[2020-07-20 01:32:33,450][__main__][INFO] - --caches
[2020-07-20 01:32:33,450][__main__][INFO] - --l2cache
[2020-07-20 01:32:33,450][__main__][INFO] - True
[2020-07-20 01:32:33,450][__main__][INFO] - --l2cache
[2020-07-20 01:32:33,450][__main__][INFO] - --l1d_size
[2020-07-20 01:32:33,450][__main__][INFO] - 4kB
[2020-07-20 01:32:33,450][__main__][INFO] - --l1d_size=4kB
[2020-07-20 01:32:33,451][__main__][INFO] - --l1d_assoc
[2020-07-20 01:32:33,451][__main__][INFO] - 4
[2020-07-20 01:32:33,451][__main__][INFO] - --l1d_assoc=4
[2020-07-20 01:32:33,451][__main__][INFO] - --l2_size
[2020-07-20 01:32:33,451][__main__][INFO] - 2048kB
[2020-07-20 01:32:33,451][__main__][INFO] - --l2_size=2048kB
[2020-07-20 01:32:33,451][__main__][INFO] - --l2_assoc
[2020-07-20 01:32:33,451][__main__][INFO] - 8
[2020-07-20 01:32:33,451][__main__][INFO] - --l2_assoc=8
[2020-07-20 01:32:33,451][__main__][INFO] - --l2_latency
[2020-07-20 01:32:33,451][__main__][INFO] - 2
[2020-07-20 01:32:33,451][__main__][INFO] - --l2_latency=2
[2020-07-20 01:32:33,451][__main__][INFO] - --cmd
[2020-07-20 01:32:33,452][__main__][INFO] - /home/ubuntu/gem5/splash2/fft/FFT
[2020-07-20 01:32:33,452][__main__][INFO] - --cmd=/home/ubuntu/gem5/splash2/fft/FFT
[2020-07-20 01:32:33,452][__main__][INFO] - --options
[2020-07-20 01:32:33,452][__main__][INFO] - -p16
[2020-07-20 01:32:33,452][__main__][INFO] - --options=-p16
[2020-07-20 01:32:33,452][__main__][INFO] - ['/home/ubuntu/gem5/build/ALPHA/gem5.opt', '--outdir=./', '/home/ubuntu/gem5/configs/example/se.py', '--num-cpus=16', '--cpu-type=detailed', '--cpu-clock=862812769.6289905Hz', '--mem-type=SimpleMemory', '--caches', '--l2cache', '--l1d_size=4kB', '--l1d_assoc=4', '--l2_size=2048kB', '--l2_assoc=8', '--l2_latency=2', '--cmd=/home/ubuntu/gem5/splash2/fft/FFT', '--options=-p16']
[2020-07-20 01:32:43,791][__main__][INFO] - CompletedProcess(args=['/home/ubuntu/gem5/build/ALPHA/gem5.opt', '--outdir=./', '/home/ubuntu/gem5/configs/example/se.py', '--num-cpus=16', '--cpu-type=detailed', '--cpu-clock=862812769.6289905Hz', '--mem-type=SimpleMemory', '--caches', '--l2cache', '--l1d_size=4kB', '--l1d_assoc=4', '--l2_size=2048kB', '--l2_assoc=8', '--l2_latency=2', '--cmd=/home/ubuntu/gem5/splash2/fft/FFT', '--options=-p16'], returncode=0)
[2020-07-20 01:32:43,792][__main__][INFO] - {'sim_seconds': '0.001242', 'sim_ticks': '1242349485'}
[2020-07-20 01:32:43,792][__main__][INFO] - Save CSV.
[2020-07-20 01:32:43,795][__main__][INFO] - Done all.
