[2020-07-20 01:34:07,384][__main__][INFO] - /home/ubuntu/gem5/build/ALPHA/gem5.opt
[2020-07-20 01:34:07,384][__main__][INFO] - True
[2020-07-20 01:34:07,384][__main__][INFO] - /home/ubuntu/gem5/build/ALPHA/gem5.opt
[2020-07-20 01:34:07,384][__main__][INFO] - --outdir
[2020-07-20 01:34:07,384][__main__][INFO] - ./
[2020-07-20 01:34:07,384][__main__][INFO] - --outdir=./
[2020-07-20 01:34:07,384][__main__][INFO] - /home/ubuntu/gem5/configs/example/se.py
[2020-07-20 01:34:07,384][__main__][INFO] - True
[2020-07-20 01:34:07,384][__main__][INFO] - /home/ubuntu/gem5/configs/example/se.py
[2020-07-20 01:34:07,384][__main__][INFO] - --num-cpus
[2020-07-20 01:34:07,384][__main__][INFO] - 16
[2020-07-20 01:34:07,385][__main__][INFO] - --num-cpus=16
[2020-07-20 01:34:07,385][__main__][INFO] - --cpu-type
[2020-07-20 01:34:07,385][__main__][INFO] - detailed
[2020-07-20 01:34:07,385][__main__][INFO] - --cpu-type=detailed
[2020-07-20 01:34:07,385][__main__][INFO] - --cpu-clock
[2020-07-20 01:34:07,385][__main__][INFO] - None
[2020-07-20 01:34:07,385][__main__][INFO] - --cpu-clock=847730625.1165628Hz
[2020-07-20 01:34:07,385][__main__][INFO] - --mem-type
[2020-07-20 01:34:07,385][__main__][INFO] - SimpleMemory
[2020-07-20 01:34:07,385][__main__][INFO] - --mem-type=SimpleMemory
[2020-07-20 01:34:07,385][__main__][INFO] - --caches
[2020-07-20 01:34:07,385][__main__][INFO] - True
[2020-07-20 01:34:07,385][__main__][INFO] - --caches
[2020-07-20 01:34:07,385][__main__][INFO] - --l2cache
[2020-07-20 01:34:07,385][__main__][INFO] - True
[2020-07-20 01:34:07,385][__main__][INFO] - --l2cache
[2020-07-20 01:34:07,386][__main__][INFO] - --l1d_size
[2020-07-20 01:34:07,386][__main__][INFO] - 8kB
[2020-07-20 01:34:07,386][__main__][INFO] - --l1d_size=8kB
[2020-07-20 01:34:07,386][__main__][INFO] - --l1d_assoc
[2020-07-20 01:34:07,386][__main__][INFO] - 2
[2020-07-20 01:34:07,386][__main__][INFO] - --l1d_assoc=2
[2020-07-20 01:34:07,386][__main__][INFO] - --l2_size
[2020-07-20 01:34:07,386][__main__][INFO] - 1024kB
[2020-07-20 01:34:07,386][__main__][INFO] - --l2_size=1024kB
[2020-07-20 01:34:07,386][__main__][INFO] - --l2_assoc
[2020-07-20 01:34:07,386][__main__][INFO] - 8
[2020-07-20 01:34:07,386][__main__][INFO] - --l2_assoc=8
[2020-07-20 01:34:07,386][__main__][INFO] - --l2_latency
[2020-07-20 01:34:07,386][__main__][INFO] - 3
[2020-07-20 01:34:07,387][__main__][INFO] - --l2_latency=3
[2020-07-20 01:34:07,387][__main__][INFO] - --cmd
[2020-07-20 01:34:07,387][__main__][INFO] - /home/ubuntu/gem5/splash2/fft/FFT
[2020-07-20 01:34:07,387][__main__][INFO] - --cmd=/home/ubuntu/gem5/splash2/fft/FFT
[2020-07-20 01:34:07,387][__main__][INFO] - --options
[2020-07-20 01:34:07,387][__main__][INFO] - -p16
[2020-07-20 01:34:07,387][__main__][INFO] - --options=-p16
[2020-07-20 01:34:07,387][__main__][INFO] - ['/home/ubuntu/gem5/build/ALPHA/gem5.opt', '--outdir=./', '/home/ubuntu/gem5/configs/example/se.py', '--num-cpus=16', '--cpu-type=detailed', '--cpu-clock=847730625.1165628Hz', '--mem-type=SimpleMemory', '--caches', '--l2cache', '--l1d_size=8kB', '--l1d_assoc=2', '--l2_size=1024kB', '--l2_assoc=8', '--l2_latency=3', '--cmd=/home/ubuntu/gem5/splash2/fft/FFT', '--options=-p16']
[2020-07-20 01:34:17,391][__main__][INFO] - CompletedProcess(args=['/home/ubuntu/gem5/build/ALPHA/gem5.opt', '--outdir=./', '/home/ubuntu/gem5/configs/example/se.py', '--num-cpus=16', '--cpu-type=detailed', '--cpu-clock=847730625.1165628Hz', '--mem-type=SimpleMemory', '--caches', '--l2cache', '--l1d_size=8kB', '--l1d_assoc=2', '--l2_size=1024kB', '--l2_assoc=8', '--l2_latency=3', '--cmd=/home/ubuntu/gem5/splash2/fft/FFT', '--options=-p16'], returncode=-6)
[2020-07-20 01:34:17,391][__main__][INFO] - File is empty.
